<?xml version="1.0" encoding="UTF-8"?>
<TestRun id="3d5cac16-6f30-4f89-a77f-4b1adea1b016" name="PAVVIN@PAVVIN-PC 2014-09-26 20:11:29" runUser="PAVVIN-PC\PAVVIN" xmlns="http://microsoft.com/schemas/VisualStudio/TeamTest/2010">
  <TestSettings name="Local" id="4d9899d7-1909-47d2-82d6-bdb7a4dab225">
    <Description>These are default test settings for a local test run.</Description>
    <Deployment enabled="false" runDeploymentRoot="PAVVIN_PAVVIN-PC 2014-09-26 20_11_29">
      <DeploymentItem filename="C:\Users\PAVVIN\Desktop\Downloaded\MiKPO-master\MiKPO-master\Vinnik_Handyukov\Vinnik_Handyukov\bin\Debug\Vinnik_Handyukov.exe" />
    </Deployment>
    <Execution>
      <TestTypeSpecific />
      <AgentRule name="Execution Agents">
      </AgentRule>
    </Execution>
  </TestSettings>
  <Times creation="2014-09-26T20:11:29.5300186+06:00" queuing="2014-09-26T20:11:29.5450205+06:00" start="2014-09-26T20:11:29.5585222+06:00" finish="2014-09-26T20:11:30.1625989+06:00" />
  <ResultSummary outcome="Failed">
    <Counters total="9" executed="9" passed="7" error="0" failed="2" timeout="0" aborted="0" inconclusive="0" passedButRunAborted="0" notRunnable="0" notExecuted="0" disconnected="0" warning="0" completed="0" inProgress="0" pending="0" />
  </ResultSummary>
  <TestDefinitions>
    <UnitTest name="TestCheck1" storage="c:\users\pavvin\desktop\downloaded\mikpo-master\mikpo-master\vinnik_handyukov\unittests\bin\debug\unittests.dll" id="c7099b90-4b83-6407-b217-b0d757c027eb">
      <Execution id="c0ee57a7-6ae3-4ade-9401-ecc80dd349da" />
      <TestMethod codeBase="C:/Users/PAVVIN/Desktop/Downloaded/MiKPO-master/MiKPO-master/Vinnik_Handyukov/UnitTests/bin/Debug/UnitTests.DLL" adapterTypeName="Microsoft.VisualStudio.TestTools.TestTypes.Unit.UnitTestAdapter, Microsoft.VisualStudio.QualityTools.Tips.UnitTest.Adapter, Version=10.0.0.0, Culture=neutral, PublicKeyToken=b03f5f7f11d50a3a" className="UnitTests.UnitTests, UnitTests, Version=1.0.0.0, Culture=neutral, PublicKeyToken=null" name="TestCheck1" />
    </UnitTest>
    <UnitTest name="TestCalcHamma" storage="c:\users\pavvin\desktop\downloaded\mikpo-master\mikpo-master\vinnik_handyukov\unittests\bin\debug\unittests.dll" id="f6549885-ea20-1c9f-08ca-a651e5a2b0c1">
      <Execution id="2808e28c-b6ed-461b-b82d-c62918eac438" />
      <TestMethod codeBase="C:/Users/PAVVIN/Desktop/Downloaded/MiKPO-master/MiKPO-master/Vinnik_Handyukov/UnitTests/bin/Debug/UnitTests.DLL" adapterTypeName="Microsoft.VisualStudio.TestTools.TestTypes.Unit.UnitTestAdapter, Microsoft.VisualStudio.QualityTools.Tips.UnitTest.Adapter, Version=10.0.0.0, Culture=neutral, PublicKeyToken=b03f5f7f11d50a3a" className="UnitTests.UnitTests, UnitTests, Version=1.0.0.0, Culture=neutral, PublicKeyToken=null" name="TestCalcHamma" />
    </UnitTest>
    <UnitTest name="TestToRad" storage="c:\users\pavvin\desktop\downloaded\mikpo-master\mikpo-master\vinnik_handyukov\unittests\bin\debug\unittests.dll" id="760649c4-9401-2b48-9cc2-4f7b8e7ef4ad">
      <Execution id="a34d9aac-330d-4f4b-9c16-88b515dda39c" />
      <TestMethod codeBase="C:/Users/PAVVIN/Desktop/Downloaded/MiKPO-master/MiKPO-master/Vinnik_Handyukov/UnitTests/bin/Debug/UnitTests.DLL" adapterTypeName="Microsoft.VisualStudio.TestTools.TestTypes.Unit.UnitTestAdapter, Microsoft.VisualStudio.QualityTools.Tips.UnitTest.Adapter, Version=10.0.0.0, Culture=neutral, PublicKeyToken=b03f5f7f11d50a3a" className="UnitTests.UnitTests, UnitTests, Version=1.0.0.0, Culture=neutral, PublicKeyToken=null" name="TestToRad" />
    </UnitTest>
    <UnitTest name="TestCalcC" storage="c:\users\pavvin\desktop\downloaded\mikpo-master\mikpo-master\vinnik_handyukov\unittests\bin\debug\unittests.dll" id="d905214a-0b6a-8ea3-c22a-8594a3904ae4">
      <Execution id="b7c89f49-173a-4674-bea5-8c1e5e58f00d" />
      <TestMethod codeBase="C:/Users/PAVVIN/Desktop/Downloaded/MiKPO-master/MiKPO-master/Vinnik_Handyukov/UnitTests/bin/Debug/UnitTests.DLL" adapterTypeName="Microsoft.VisualStudio.TestTools.TestTypes.Unit.UnitTestAdapter, Microsoft.VisualStudio.QualityTools.Tips.UnitTest.Adapter, Version=10.0.0.0, Culture=neutral, PublicKeyToken=b03f5f7f11d50a3a" className="UnitTests.UnitTests, UnitTests, Version=1.0.0.0, Culture=neutral, PublicKeyToken=null" name="TestCalcC" />
    </UnitTest>
    <UnitTest name="TestCheck3" storage="c:\users\pavvin\desktop\downloaded\mikpo-master\mikpo-master\vinnik_handyukov\unittests\bin\debug\unittests.dll" id="c1d5f9f6-8c49-7906-8f05-c60e2c9c0710">
      <Execution id="650aac98-aa1e-4841-a907-73449d3dfe4f" />
      <TestMethod codeBase="C:/Users/PAVVIN/Desktop/Downloaded/MiKPO-master/MiKPO-master/Vinnik_Handyukov/UnitTests/bin/Debug/UnitTests.DLL" adapterTypeName="Microsoft.VisualStudio.TestTools.TestTypes.Unit.UnitTestAdapter, Microsoft.VisualStudio.QualityTools.Tips.UnitTest.Adapter, Version=10.0.0.0, Culture=neutral, PublicKeyToken=b03f5f7f11d50a3a" className="UnitTests.UnitTests, UnitTests, Version=1.0.0.0, Culture=neutral, PublicKeyToken=null" name="TestCheck3" />
    </UnitTest>
    <UnitTest name="TestCheck2" storage="c:\users\pavvin\desktop\downloaded\mikpo-master\mikpo-master\vinnik_handyukov\unittests\bin\debug\unittests.dll" id="cc93fb6a-2fdd-4ca0-ce14-1fad4e30bec4">
      <Execution id="e0c47b2e-5ab1-41b6-aa71-b2e1d989e9ad" />
      <TestMethod codeBase="C:/Users/PAVVIN/Desktop/Downloaded/MiKPO-master/MiKPO-master/Vinnik_Handyukov/UnitTests/bin/Debug/UnitTests.DLL" adapterTypeName="Microsoft.VisualStudio.TestTools.TestTypes.Unit.UnitTestAdapter, Microsoft.VisualStudio.QualityTools.Tips.UnitTest.Adapter, Version=10.0.0.0, Culture=neutral, PublicKeyToken=b03f5f7f11d50a3a" className="UnitTests.UnitTests, UnitTests, Version=1.0.0.0, Culture=neutral, PublicKeyToken=null" name="TestCheck2" />
    </UnitTest>
    <UnitTest name="TestMain" storage="c:\users\pavvin\desktop\downloaded\mikpo-master\mikpo-master\vinnik_handyukov\unittests\bin\debug\unittests.dll" id="c5d5004c-4eed-5678-ff18-a97e6f81a59f">
      <Execution id="c9985c61-9726-40eb-a226-7667fba3c8b1" />
      <TestMethod codeBase="C:/Users/PAVVIN/Desktop/Downloaded/MiKPO-master/MiKPO-master/Vinnik_Handyukov/UnitTests/bin/Debug/UnitTests.DLL" adapterTypeName="Microsoft.VisualStudio.TestTools.TestTypes.Unit.UnitTestAdapter, Microsoft.VisualStudio.QualityTools.Tips.UnitTest.Adapter, Version=10.0.0.0, Culture=neutral, PublicKeyToken=b03f5f7f11d50a3a" className="UnitTests.UnitTests, UnitTests, Version=1.0.0.0, Culture=neutral, PublicKeyToken=null" name="TestMain" />
    </UnitTest>
    <UnitTest name="TestCalcBeta" storage="c:\users\pavvin\desktop\downloaded\mikpo-master\mikpo-master\vinnik_handyukov\unittests\bin\debug\unittests.dll" id="cd8f623d-4ac9-f0ca-3b45-f26e7ecaf0d8">
      <Execution id="6d7cfd20-f5f8-4cf1-a872-c777c2e185a4" />
      <TestMethod codeBase="C:/Users/PAVVIN/Desktop/Downloaded/MiKPO-master/MiKPO-master/Vinnik_Handyukov/UnitTests/bin/Debug/UnitTests.DLL" adapterTypeName="Microsoft.VisualStudio.TestTools.TestTypes.Unit.UnitTestAdapter, Microsoft.VisualStudio.QualityTools.Tips.UnitTest.Adapter, Version=10.0.0.0, Culture=neutral, PublicKeyToken=b03f5f7f11d50a3a" className="UnitTests.UnitTests, UnitTests, Version=1.0.0.0, Culture=neutral, PublicKeyToken=null" name="TestCalcBeta" />
    </UnitTest>
    <UnitTest name="TestToGRad" storage="c:\users\pavvin\desktop\downloaded\mikpo-master\mikpo-master\vinnik_handyukov\unittests\bin\debug\unittests.dll" id="77f3d16f-f6b2-1614-edbc-bcb765aeebdc">
      <Execution id="fd834497-a0eb-426d-9edf-8dbd39844224" />
      <TestMethod codeBase="C:/Users/PAVVIN/Desktop/Downloaded/MiKPO-master/MiKPO-master/Vinnik_Handyukov/UnitTests/bin/Debug/UnitTests.DLL" adapterTypeName="Microsoft.VisualStudio.TestTools.TestTypes.Unit.UnitTestAdapter, Microsoft.VisualStudio.QualityTools.Tips.UnitTest.Adapter, Version=10.0.0.0, Culture=neutral, PublicKeyToken=b03f5f7f11d50a3a" className="UnitTests.UnitTests, UnitTests, Version=1.0.0.0, Culture=neutral, PublicKeyToken=null" name="TestToGRad" />
    </UnitTest>
  </TestDefinitions>
  <TestLists>
    <TestList name="Results Not in a List" id="8c84fa94-04c1-424b-9868-57a2d4851a1d" />
    <TestList name="All Loaded Results" id="19431567-8539-422a-85d7-44ee4e166bda" />
  </TestLists>
  <TestEntries>
    <TestEntry testId="760649c4-9401-2b48-9cc2-4f7b8e7ef4ad" executionId="a34d9aac-330d-4f4b-9c16-88b515dda39c" testListId="8c84fa94-04c1-424b-9868-57a2d4851a1d" />
    <TestEntry testId="77f3d16f-f6b2-1614-edbc-bcb765aeebdc" executionId="fd834497-a0eb-426d-9edf-8dbd39844224" testListId="8c84fa94-04c1-424b-9868-57a2d4851a1d" />
    <TestEntry testId="c1d5f9f6-8c49-7906-8f05-c60e2c9c0710" executionId="650aac98-aa1e-4841-a907-73449d3dfe4f" testListId="8c84fa94-04c1-424b-9868-57a2d4851a1d" />
    <TestEntry testId="c5d5004c-4eed-5678-ff18-a97e6f81a59f" executionId="c9985c61-9726-40eb-a226-7667fba3c8b1" testListId="8c84fa94-04c1-424b-9868-57a2d4851a1d" />
    <TestEntry testId="c7099b90-4b83-6407-b217-b0d757c027eb" executionId="c0ee57a7-6ae3-4ade-9401-ecc80dd349da" testListId="8c84fa94-04c1-424b-9868-57a2d4851a1d" />
    <TestEntry testId="cc93fb6a-2fdd-4ca0-ce14-1fad4e30bec4" executionId="e0c47b2e-5ab1-41b6-aa71-b2e1d989e9ad" testListId="8c84fa94-04c1-424b-9868-57a2d4851a1d" />
    <TestEntry testId="cd8f623d-4ac9-f0ca-3b45-f26e7ecaf0d8" executionId="6d7cfd20-f5f8-4cf1-a872-c777c2e185a4" testListId="8c84fa94-04c1-424b-9868-57a2d4851a1d" />
    <TestEntry testId="d905214a-0b6a-8ea3-c22a-8594a3904ae4" executionId="b7c89f49-173a-4674-bea5-8c1e5e58f00d" testListId="8c84fa94-04c1-424b-9868-57a2d4851a1d" />
    <TestEntry testId="f6549885-ea20-1c9f-08ca-a651e5a2b0c1" executionId="2808e28c-b6ed-461b-b82d-c62918eac438" testListId="8c84fa94-04c1-424b-9868-57a2d4851a1d" />
  </TestEntries>
  <Results>
    <UnitTestResult executionId="a34d9aac-330d-4f4b-9c16-88b515dda39c" testId="760649c4-9401-2b48-9cc2-4f7b8e7ef4ad" testName="TestToRad" computerName="PAVVIN-PC" duration="00:00:00.0178498" startTime="2014-09-26T20:11:29.5635228+06:00" endTime="2014-09-26T20:11:29.8005529+06:00" testType="13cdc9d9-ddb5-4fa4-a97d-d965ccfc6d4b" outcome="Passed" testListId="8c84fa94-04c1-424b-9868-57a2d4851a1d" relativeResultsDirectory="a34d9aac-330d-4f4b-9c16-88b515dda39c">
    </UnitTestResult>
    <UnitTestResult executionId="fd834497-a0eb-426d-9edf-8dbd39844224" testId="77f3d16f-f6b2-1614-edbc-bcb765aeebdc" testName="TestToGRad" computerName="PAVVIN-PC" duration="00:00:00.0002747" startTime="2014-09-26T20:11:29.8060536+06:00" endTime="2014-09-26T20:11:29.8125544+06:00" testType="13cdc9d9-ddb5-4fa4-a97d-d965ccfc6d4b" outcome="Passed" testListId="8c84fa94-04c1-424b-9868-57a2d4851a1d" relativeResultsDirectory="fd834497-a0eb-426d-9edf-8dbd39844224">
    </UnitTestResult>
    <UnitTestResult executionId="650aac98-aa1e-4841-a907-73449d3dfe4f" testId="c1d5f9f6-8c49-7906-8f05-c60e2c9c0710" testName="TestCheck3" computerName="PAVVIN-PC" duration="00:00:00.0330439" startTime="2014-09-26T20:11:29.8175551+06:00" endTime="2014-09-26T20:11:29.8570601+06:00" testType="13cdc9d9-ddb5-4fa4-a97d-d965ccfc6d4b" outcome="Failed" testListId="8c84fa94-04c1-424b-9868-57a2d4851a1d" relativeResultsDirectory="650aac98-aa1e-4841-a907-73449d3dfe4f">
      <Output>
        <StdOut>Ошибка данных в 0 строке.</StdOut>
        <ErrorInfo>
          <Message>Assert.AreEqual failed. Expected:&lt;True&gt;. Actual:&lt;False&gt;. </Message>
          <StackTrace>   в UnitTests.UnitTests.TestCheck3() в C:\Users\PAVVIN\Desktop\Downloaded\MiKPO-master\MiKPO-master\Vinnik_Handyukov\UnitTests\UnitTests.cs:строка 37
</StackTrace>
        </ErrorInfo>
      </Output>
    </UnitTestResult>
    <UnitTestResult executionId="c9985c61-9726-40eb-a226-7667fba3c8b1" testId="c5d5004c-4eed-5678-ff18-a97e6f81a59f" testName="TestMain" computerName="PAVVIN-PC" duration="00:00:00.1884577" startTime="2014-09-26T20:11:29.8615607+06:00" endTime="2014-09-26T20:11:30.0565854+06:00" testType="13cdc9d9-ddb5-4fa4-a97d-d965ccfc6d4b" outcome="Passed" testListId="8c84fa94-04c1-424b-9868-57a2d4851a1d" relativeResultsDirectory="c9985c61-9726-40eb-a226-7667fba3c8b1">
      <Output>
        <StdOut>Ошибка данных в 4 строке.
Ошибка данных в 11 строке.
Ошибка данных в 14 строке.
Ошибка данных в 37 строке.
 A - 14  B - 4  C - 11.5240635414383  Alpha - 45  Beta - 120.792362334603  Hamma - 14.207637665397 
 A - 24  B - 4  C - 21.3596698947381  Alpha - 45  Beta - 127.390597778256  Hamma - 7.60940222174397 
 A - 3.4  B - 4  C - 2.88560141941431  Alpha - 45  Beta - 56.4245621761448  Hamma - 78.5754378238552 
 A - 54  B - 4  C - 51.2496816626934  Alpha - 45  Beta - 131.836286367076  Hamma - 3.16371363292349 
 A - 64  B - 4  C - 61.2369278134729  Alpha - 45  Beta - 132.352665802774  Hamma - 2.64733419722562 
 A - 74  B - 4  C - 71.2277529165252  Alpha - 45  Beta - 132.724207902909  Hamma - 2.27579209709098 
 A - 84  B - 4  C - 81.2208362616554  Alpha - 45  Beta - 133.004333410093  Hamma - 1.99566658990718 
 A - 94  B - 4  C - 91.2154356485113  Alpha - 45  Beta - 133.223075767125  Hamma - 1.77692423287565 
 A - 14  B - 4  C - 11.5240635414383  Alpha - 45  Beta - 120.792362334603  Hamma - 14.207637665397 
 A - 34  B - 4  C - 31.2996318751077  Alpha - 45  Beta - 129.815328416657  Hamma - 5.18467158334281 
 A - 44  B - 4  C - 41.2686129282574  Alpha - 45  Beta - 131.070038060949  Hamma - 3.92996193905092 
 A - 64  B - 1.4  C - 63.0178265636905  Alpha - 45  Beta - 134.099901343746  Hamma - 0.900098656253747 
 A - 74  B - 4  C - 71.2277529165252  Alpha - 45  Beta - 132.724207902909  Hamma - 2.27579209709098 
 A - 84  B - 0.4  C - 83.7176350854721  Alpha - 45  Beta - 134.806424004879  Hamma - 0.193575995120069 
 A - 94  B - 4  C - 91.2154356485113  Alpha - 45  Beta - 133.223075767125  Hamma - 1.77692423287565 
 A - 14  B - 4  C - 11.5240635414383  Alpha - 45  Beta - 120.792362334603  Hamma - 14.207637665397 
 A - 24  B - 4  C - 21.3596698947381  Alpha - 45  Beta - 127.390597778256  Hamma - 7.60940222174397 
 A - 34  B - 4  C - 31.2996318751077  Alpha - 45  Beta - 129.815328416657  Hamma - 5.18467158334281 
 A - 44  B - 4  C - 41.2686129282574  Alpha - 45  Beta - 131.070038060949  Hamma - 3.92996193905092 
 A - 54  B - 4  C - 51.2496816626934  Alpha - 45  Beta - 131.836286367076  Hamma - 3.16371363292349 
 A - 64  B - 4  C - 61.2369278134729  Alpha - 45  Beta - 132.352665802774  Hamma - 2.64733419722562 
 A - 744  B - 4  C - 741.176969716665  Alpha - 45  Beta - 134.781351368341  Hamma - 0.218648631659703 
 A - 84  B - 4  C - 81.2208362616554  Alpha - 45  Beta - 133.004333410093  Hamma - 1.99566658990718 
 A - 94  B - 4  C - 91.2154356485113  Alpha - 45  Beta - 133.223075767125  Hamma - 1.77692423287565 
 A - 14  B - 4  C - 11.5240635414383  Alpha - 45  Beta - 120.792362334603  Hamma - 14.207637665397 
 A - 24  B - 4  C - 21.3596698947381  Alpha - 45  Beta - 127.390597778256  Hamma - 7.60940222174397 
 A - 34  B - 4  C - 31.2996318751077  Alpha - 45  Beta - 129.815328416657  Hamma - 5.18467158334281 
 A - 44  B - 4  C - 41.2686129282574  Alpha - 45  Beta - 131.070038060949  Hamma - 3.92996193905092 
 A - 54  B - 4  C - 51.2496816626934  Alpha - 45  Beta - 131.836286367076  Hamma - 3.16371363292349 
 A - 64  B - 4  C - 60.0131512681065  Alpha - 4.5  Beta - 175.200372638714  Hamma - 0.299627361286265 
 A - 74  B - 4  C - 71.2277529165252  Alpha - 45  Beta - 132.724207902909  Hamma - 2.27579209709098 
 A - 84  B - 4  C - 81.2208362616554  Alpha - 45  Beta - 133.004333410093  Hamma - 1.99566658990718 
 A - 94  B - 4  C - 91.2154356485113  Alpha - 45  Beta - 133.223075767125  Hamma - 1.77692423287565 
 A - 24  B - 4  C - 21.3596698947381  Alpha - 45  Beta - 127.390597778256  Hamma - 7.60940222174397 
 A - 34  B - 4  C - 31.2996318751077  Alpha - 45  Beta - 129.815328416657  Hamma - 5.18467158334281 
 A - 44  B - 4  C - 41.2686129282574  Alpha - 45  Beta - 131.070038060949  Hamma - 3.92996193905092 
 A - 54  B - 4  C - 51.2496816626934  Alpha - 45  Beta - 131.836286367076  Hamma - 3.16371363292349 
 A - 64  B - 4  C - 61.2369278134729  Alpha - 45  Beta - 132.352665802774  Hamma - 2.64733419722562 
 A - 74  B - 4  C - 71.2277529165252  Alpha - 45  Beta - 132.724207902909  Hamma - 2.27579209709098 
 A - 84  B - 4  C - 81.2208362616554  Alpha - 45  Beta - 133.004333410093  Hamma - 1.99566658990718 
 A - 94  B - 4  C - 91.2154356485113  Alpha - 45  Beta - 133.223075767125  Hamma - 1.77692423287565 
 A - 14  B - 4  C - 11.5240635414383  Alpha - 45  Beta - 120.792362334603  Hamma - 14.207637665397 
 A - 24  B - 4  C - 21.3596698947381  Alpha - 45  Beta - 127.390597778256  Hamma - 7.60940222174397 
 A - 34  B - 4  C - 31.2996318751077  Alpha - 45  Beta - 129.815328416657  Hamma - 5.18467158334281 
 A - 44  B - 4  C - 41.2686129282574  Alpha - 45  Beta - 131.070038060949  Hamma - 3.92996193905092 
 A - 54  B - 4  C - 51.2496816626934  Alpha - 45  Beta - 131.836286367076  Hamma - 3.16371363292349 
Файл кончился. Считано 56 записей
 A - 64  B - 4  C - 61.2369278134729  Alpha - 45  Beta - 132.352665802774  Hamma - 2.64733419722562 
 A - 74  B - 4  C - 71.2277529165252  Alpha - 45  Beta - 132.724207902909  Hamma - 2.27579209709098 
 A - 84  B - 4  C - 81.2208362616554  Alpha - 45  Beta - 133.004333410093  Hamma - 1.99566658990718 
 A - 94  B - 4  C - 91.2154356485113  Alpha - 45  Beta - 133.223075767125  Hamma - 1.77692423287565 
 A - 14  B - 4  C - 11.5240635414383  Alpha - 45  Beta - 120.792362334603  Hamma - 14.207637665397 
 A - 24  B - 4  C - 21.3596698947381  Alpha - 45  Beta - 127.390597778256  Hamma - 7.60940222174397</StdOut>
      </Output>
    </UnitTestResult>
    <UnitTestResult executionId="c0ee57a7-6ae3-4ade-9401-ecc80dd349da" testId="c7099b90-4b83-6407-b217-b0d757c027eb" testName="TestCheck1" computerName="PAVVIN-PC" duration="00:00:00.0003450" startTime="2014-09-26T20:11:30.0660866+06:00" endTime="2014-09-26T20:11:30.0720874+06:00" testType="13cdc9d9-ddb5-4fa4-a97d-d965ccfc6d4b" outcome="Passed" testListId="8c84fa94-04c1-424b-9868-57a2d4851a1d" relativeResultsDirectory="c0ee57a7-6ae3-4ade-9401-ecc80dd349da">
    </UnitTestResult>
    <UnitTestResult executionId="e0c47b2e-5ab1-41b6-aa71-b2e1d989e9ad" testId="cc93fb6a-2fdd-4ca0-ce14-1fad4e30bec4" testName="TestCheck2" computerName="PAVVIN-PC" duration="00:00:00.0023197" startTime="2014-09-26T20:11:30.0785882+06:00" endTime="2014-09-26T20:11:30.0845890+06:00" testType="13cdc9d9-ddb5-4fa4-a97d-d965ccfc6d4b" outcome="Failed" testListId="8c84fa94-04c1-424b-9868-57a2d4851a1d" relativeResultsDirectory="e0c47b2e-5ab1-41b6-aa71-b2e1d989e9ad">
      <Output>
        <StdOut>Ошибка данных в 56 строке.</StdOut>
        <ErrorInfo>
          <Message>Assert.AreEqual failed. Expected:&lt;True&gt;. Actual:&lt;False&gt;. </Message>
          <StackTrace>   в UnitTests.UnitTests.TestCheck2() в C:\Users\PAVVIN\Desktop\Downloaded\MiKPO-master\MiKPO-master\Vinnik_Handyukov\UnitTests\UnitTests.cs:строка 28
</StackTrace>
        </ErrorInfo>
      </Output>
    </UnitTestResult>
    <UnitTestResult executionId="6d7cfd20-f5f8-4cf1-a872-c777c2e185a4" testId="cd8f623d-4ac9-f0ca-3b45-f26e7ecaf0d8" testName="TestCalcBeta" computerName="PAVVIN-PC" duration="00:00:00.0004459" startTime="2014-09-26T20:11:30.0880894+06:00" endTime="2014-09-26T20:11:30.0935901+06:00" testType="13cdc9d9-ddb5-4fa4-a97d-d965ccfc6d4b" outcome="Passed" testListId="8c84fa94-04c1-424b-9868-57a2d4851a1d" relativeResultsDirectory="6d7cfd20-f5f8-4cf1-a872-c777c2e185a4">
    </UnitTestResult>
    <UnitTestResult executionId="b7c89f49-173a-4674-bea5-8c1e5e58f00d" testId="d905214a-0b6a-8ea3-c22a-8594a3904ae4" testName="TestCalcC" computerName="PAVVIN-PC" duration="00:00:00.0002979" startTime="2014-09-26T20:11:30.0985908+06:00" endTime="2014-09-26T20:11:30.1050916+06:00" testType="13cdc9d9-ddb5-4fa4-a97d-d965ccfc6d4b" outcome="Passed" testListId="8c84fa94-04c1-424b-9868-57a2d4851a1d" relativeResultsDirectory="b7c89f49-173a-4674-bea5-8c1e5e58f00d">
    </UnitTestResult>
    <UnitTestResult executionId="2808e28c-b6ed-461b-b82d-c62918eac438" testId="f6549885-ea20-1c9f-08ca-a651e5a2b0c1" testName="TestCalcHamma" computerName="PAVVIN-PC" duration="00:00:00.0003430" startTime="2014-09-26T20:11:30.1095922+06:00" endTime="2014-09-26T20:11:30.1205936+06:00" testType="13cdc9d9-ddb5-4fa4-a97d-d965ccfc6d4b" outcome="Passed" testListId="8c84fa94-04c1-424b-9868-57a2d4851a1d" relativeResultsDirectory="2808e28c-b6ed-461b-b82d-c62918eac438">
    </UnitTestResult>
  </Results>
</TestRun>