<?xml version="1.0" encoding="UTF-8"?>
<TestRun id="59d644f3-44c2-4be9-8347-f015485d473c" name="PAVVIN@PAVVIN-PC 2014-09-26 20:15:49" runUser="PAVVIN-PC\PAVVIN" xmlns="http://microsoft.com/schemas/VisualStudio/TeamTest/2010">
  <TestSettings name="Local" id="4d9899d7-1909-47d2-82d6-bdb7a4dab225">
    <Description>These are default test settings for a local test run.</Description>
    <Deployment enabled="false" runDeploymentRoot="PAVVIN_PAVVIN-PC 2014-09-26 20_15_49">
      <DeploymentItem filename="C:\Users\PAVVIN\Desktop\Downloaded\MiKPO-master\MiKPO-master\Vinnik_Handyukov\Vinnik_Handyukov\bin\Debug\Vinnik_Handyukov.exe" />
    </Deployment>
    <Execution>
      <TestTypeSpecific />
      <AgentRule name="Execution Agents">
      </AgentRule>
    </Execution>
  </TestSettings>
  <Times creation="2014-09-26T20:15:49.6325474+06:00" queuing="2014-09-26T20:15:49.6605509+06:00" start="2014-09-26T20:15:49.6710523+06:00" finish="2014-09-26T20:15:50.4011450+06:00" />
  <ResultSummary outcome="Completed">
    <Counters total="11" executed="11" passed="11" error="0" failed="0" timeout="0" aborted="0" inconclusive="0" passedButRunAborted="0" notRunnable="0" notExecuted="0" disconnected="0" warning="0" completed="0" inProgress="0" pending="0" />
  </ResultSummary>
  <TestDefinitions>
    <UnitTest name="TestCheck1" storage="c:\users\pavvin\desktop\downloaded\mikpo-master\mikpo-master\vinnik_handyukov\unittests\bin\debug\unittests.dll" id="c7099b90-4b83-6407-b217-b0d757c027eb">
      <Execution id="e79fb016-292b-42c4-bf57-14da066de139" />
      <TestMethod codeBase="C:/Users/PAVVIN/Desktop/Downloaded/MiKPO-master/MiKPO-master/Vinnik_Handyukov/UnitTests/bin/Debug/UnitTests.DLL" adapterTypeName="Microsoft.VisualStudio.TestTools.TestTypes.Unit.UnitTestAdapter, Microsoft.VisualStudio.QualityTools.Tips.UnitTest.Adapter, Version=10.0.0.0, Culture=neutral, PublicKeyToken=b03f5f7f11d50a3a" className="UnitTests.UnitTests, UnitTests, Version=1.0.0.0, Culture=neutral, PublicKeyToken=null" name="TestCheck1" />
    </UnitTest>
    <UnitTest name="TestCalcHamma" storage="c:\users\pavvin\desktop\downloaded\mikpo-master\mikpo-master\vinnik_handyukov\unittests\bin\debug\unittests.dll" id="f6549885-ea20-1c9f-08ca-a651e5a2b0c1">
      <Execution id="0a3d1a2a-a4e5-4893-be20-a604aedecc5f" />
      <TestMethod codeBase="C:/Users/PAVVIN/Desktop/Downloaded/MiKPO-master/MiKPO-master/Vinnik_Handyukov/UnitTests/bin/Debug/UnitTests.DLL" adapterTypeName="Microsoft.VisualStudio.TestTools.TestTypes.Unit.UnitTestAdapter, Microsoft.VisualStudio.QualityTools.Tips.UnitTest.Adapter, Version=10.0.0.0, Culture=neutral, PublicKeyToken=b03f5f7f11d50a3a" className="UnitTests.UnitTests, UnitTests, Version=1.0.0.0, Culture=neutral, PublicKeyToken=null" name="TestCalcHamma" />
    </UnitTest>
    <UnitTest name="TestToRad" storage="c:\users\pavvin\desktop\downloaded\mikpo-master\mikpo-master\vinnik_handyukov\unittests\bin\debug\unittests.dll" id="760649c4-9401-2b48-9cc2-4f7b8e7ef4ad">
      <Execution id="76729b31-ca7c-46d5-951b-4220c42969b5" />
      <TestMethod codeBase="C:/Users/PAVVIN/Desktop/Downloaded/MiKPO-master/MiKPO-master/Vinnik_Handyukov/UnitTests/bin/Debug/UnitTests.DLL" adapterTypeName="Microsoft.VisualStudio.TestTools.TestTypes.Unit.UnitTestAdapter, Microsoft.VisualStudio.QualityTools.Tips.UnitTest.Adapter, Version=10.0.0.0, Culture=neutral, PublicKeyToken=b03f5f7f11d50a3a" className="UnitTests.UnitTests, UnitTests, Version=1.0.0.0, Culture=neutral, PublicKeyToken=null" name="TestToRad" />
    </UnitTest>
    <UnitTest name="TestCalcC" storage="c:\users\pavvin\desktop\downloaded\mikpo-master\mikpo-master\vinnik_handyukov\unittests\bin\debug\unittests.dll" id="d905214a-0b6a-8ea3-c22a-8594a3904ae4">
      <Execution id="aa5cb782-fbf9-4506-9f3d-ab1f528adf41" />
      <TestMethod codeBase="C:/Users/PAVVIN/Desktop/Downloaded/MiKPO-master/MiKPO-master/Vinnik_Handyukov/UnitTests/bin/Debug/UnitTests.DLL" adapterTypeName="Microsoft.VisualStudio.TestTools.TestTypes.Unit.UnitTestAdapter, Microsoft.VisualStudio.QualityTools.Tips.UnitTest.Adapter, Version=10.0.0.0, Culture=neutral, PublicKeyToken=b03f5f7f11d50a3a" className="UnitTests.UnitTests, UnitTests, Version=1.0.0.0, Culture=neutral, PublicKeyToken=null" name="TestCalcC" />
    </UnitTest>
    <UnitTest name="TestMain2" storage="c:\users\pavvin\desktop\downloaded\mikpo-master\mikpo-master\vinnik_handyukov\unittests\bin\debug\unittests.dll" id="eb705fd3-2c48-d7d8-45d8-e28099c65753">
      <Execution id="7a94effd-714b-4431-9ea0-ae5fb77f3d1b" />
      <TestMethod codeBase="C:/Users/PAVVIN/Desktop/Downloaded/MiKPO-master/MiKPO-master/Vinnik_Handyukov/UnitTests/bin/Debug/UnitTests.DLL" adapterTypeName="Microsoft.VisualStudio.TestTools.TestTypes.Unit.UnitTestAdapter, Microsoft.VisualStudio.QualityTools.Tips.UnitTest.Adapter, Version=10.0.0.0, Culture=neutral, PublicKeyToken=b03f5f7f11d50a3a" className="UnitTests.UnitTests, UnitTests, Version=1.0.0.0, Culture=neutral, PublicKeyToken=null" name="TestMain2" />
    </UnitTest>
    <UnitTest name="TestCheck3" storage="c:\users\pavvin\desktop\downloaded\mikpo-master\mikpo-master\vinnik_handyukov\unittests\bin\debug\unittests.dll" id="c1d5f9f6-8c49-7906-8f05-c60e2c9c0710">
      <Execution id="98219ad9-ae8d-46fa-a881-e5010dff5edc" />
      <TestMethod codeBase="C:/Users/PAVVIN/Desktop/Downloaded/MiKPO-master/MiKPO-master/Vinnik_Handyukov/UnitTests/bin/Debug/UnitTests.DLL" adapterTypeName="Microsoft.VisualStudio.TestTools.TestTypes.Unit.UnitTestAdapter, Microsoft.VisualStudio.QualityTools.Tips.UnitTest.Adapter, Version=10.0.0.0, Culture=neutral, PublicKeyToken=b03f5f7f11d50a3a" className="UnitTests.UnitTests, UnitTests, Version=1.0.0.0, Culture=neutral, PublicKeyToken=null" name="TestCheck3" />
    </UnitTest>
    <UnitTest name="TestCheck2" storage="c:\users\pavvin\desktop\downloaded\mikpo-master\mikpo-master\vinnik_handyukov\unittests\bin\debug\unittests.dll" id="cc93fb6a-2fdd-4ca0-ce14-1fad4e30bec4">
      <Execution id="e4974e87-e376-4bfb-a838-bb6edf22f555" />
      <TestMethod codeBase="C:/Users/PAVVIN/Desktop/Downloaded/MiKPO-master/MiKPO-master/Vinnik_Handyukov/UnitTests/bin/Debug/UnitTests.DLL" adapterTypeName="Microsoft.VisualStudio.TestTools.TestTypes.Unit.UnitTestAdapter, Microsoft.VisualStudio.QualityTools.Tips.UnitTest.Adapter, Version=10.0.0.0, Culture=neutral, PublicKeyToken=b03f5f7f11d50a3a" className="UnitTests.UnitTests, UnitTests, Version=1.0.0.0, Culture=neutral, PublicKeyToken=null" name="TestCheck2" />
    </UnitTest>
    <UnitTest name="TestMain1" storage="c:\users\pavvin\desktop\downloaded\mikpo-master\mikpo-master\vinnik_handyukov\unittests\bin\debug\unittests.dll" id="cda0b258-88d1-16ab-b8fd-2c860414e549">
      <Execution id="616d3452-c7db-44a3-bfbf-09d92014d1f3" />
      <TestMethod codeBase="C:/Users/PAVVIN/Desktop/Downloaded/MiKPO-master/MiKPO-master/Vinnik_Handyukov/UnitTests/bin/Debug/UnitTests.DLL" adapterTypeName="Microsoft.VisualStudio.TestTools.TestTypes.Unit.UnitTestAdapter, Microsoft.VisualStudio.QualityTools.Tips.UnitTest.Adapter, Version=10.0.0.0, Culture=neutral, PublicKeyToken=b03f5f7f11d50a3a" className="UnitTests.UnitTests, UnitTests, Version=1.0.0.0, Culture=neutral, PublicKeyToken=null" name="TestMain1" />
    </UnitTest>
    <UnitTest name="TestCalcBeta" storage="c:\users\pavvin\desktop\downloaded\mikpo-master\mikpo-master\vinnik_handyukov\unittests\bin\debug\unittests.dll" id="cd8f623d-4ac9-f0ca-3b45-f26e7ecaf0d8">
      <Execution id="19c3e084-bd62-4abf-b384-7b4bf78272d4" />
      <TestMethod codeBase="C:/Users/PAVVIN/Desktop/Downloaded/MiKPO-master/MiKPO-master/Vinnik_Handyukov/UnitTests/bin/Debug/UnitTests.DLL" adapterTypeName="Microsoft.VisualStudio.TestTools.TestTypes.Unit.UnitTestAdapter, Microsoft.VisualStudio.QualityTools.Tips.UnitTest.Adapter, Version=10.0.0.0, Culture=neutral, PublicKeyToken=b03f5f7f11d50a3a" className="UnitTests.UnitTests, UnitTests, Version=1.0.0.0, Culture=neutral, PublicKeyToken=null" name="TestCalcBeta" />
    </UnitTest>
    <UnitTest name="TestToGRad" storage="c:\users\pavvin\desktop\downloaded\mikpo-master\mikpo-master\vinnik_handyukov\unittests\bin\debug\unittests.dll" id="77f3d16f-f6b2-1614-edbc-bcb765aeebdc">
      <Execution id="6c334d60-04d2-4150-983e-6f7e017fab6d" />
      <TestMethod codeBase="C:/Users/PAVVIN/Desktop/Downloaded/MiKPO-master/MiKPO-master/Vinnik_Handyukov/UnitTests/bin/Debug/UnitTests.DLL" adapterTypeName="Microsoft.VisualStudio.TestTools.TestTypes.Unit.UnitTestAdapter, Microsoft.VisualStudio.QualityTools.Tips.UnitTest.Adapter, Version=10.0.0.0, Culture=neutral, PublicKeyToken=b03f5f7f11d50a3a" className="UnitTests.UnitTests, UnitTests, Version=1.0.0.0, Culture=neutral, PublicKeyToken=null" name="TestToGRad" />
    </UnitTest>
    <UnitTest name="TestMain3" storage="c:\users\pavvin\desktop\downloaded\mikpo-master\mikpo-master\vinnik_handyukov\unittests\bin\debug\unittests.dll" id="c729d40a-9398-15a7-70c0-36089313dbe0">
      <Execution id="9d74a35c-96dc-42ba-9205-98b37be0d1d2" />
      <TestMethod codeBase="C:/Users/PAVVIN/Desktop/Downloaded/MiKPO-master/MiKPO-master/Vinnik_Handyukov/UnitTests/bin/Debug/UnitTests.DLL" adapterTypeName="Microsoft.VisualStudio.TestTools.TestTypes.Unit.UnitTestAdapter, Microsoft.VisualStudio.QualityTools.Tips.UnitTest.Adapter, Version=10.0.0.0, Culture=neutral, PublicKeyToken=b03f5f7f11d50a3a" className="UnitTests.UnitTests, UnitTests, Version=1.0.0.0, Culture=neutral, PublicKeyToken=null" name="TestMain3" />
    </UnitTest>
  </TestDefinitions>
  <TestLists>
    <TestList name="Results Not in a List" id="8c84fa94-04c1-424b-9868-57a2d4851a1d" />
    <TestList name="All Loaded Results" id="19431567-8539-422a-85d7-44ee4e166bda" />
  </TestLists>
  <TestEntries>
    <TestEntry testId="760649c4-9401-2b48-9cc2-4f7b8e7ef4ad" executionId="76729b31-ca7c-46d5-951b-4220c42969b5" testListId="8c84fa94-04c1-424b-9868-57a2d4851a1d" />
    <TestEntry testId="77f3d16f-f6b2-1614-edbc-bcb765aeebdc" executionId="6c334d60-04d2-4150-983e-6f7e017fab6d" testListId="8c84fa94-04c1-424b-9868-57a2d4851a1d" />
    <TestEntry testId="c1d5f9f6-8c49-7906-8f05-c60e2c9c0710" executionId="98219ad9-ae8d-46fa-a881-e5010dff5edc" testListId="8c84fa94-04c1-424b-9868-57a2d4851a1d" />
    <TestEntry testId="c7099b90-4b83-6407-b217-b0d757c027eb" executionId="e79fb016-292b-42c4-bf57-14da066de139" testListId="8c84fa94-04c1-424b-9868-57a2d4851a1d" />
    <TestEntry testId="c729d40a-9398-15a7-70c0-36089313dbe0" executionId="9d74a35c-96dc-42ba-9205-98b37be0d1d2" testListId="8c84fa94-04c1-424b-9868-57a2d4851a1d" />
    <TestEntry testId="cc93fb6a-2fdd-4ca0-ce14-1fad4e30bec4" executionId="e4974e87-e376-4bfb-a838-bb6edf22f555" testListId="8c84fa94-04c1-424b-9868-57a2d4851a1d" />
    <TestEntry testId="cd8f623d-4ac9-f0ca-3b45-f26e7ecaf0d8" executionId="19c3e084-bd62-4abf-b384-7b4bf78272d4" testListId="8c84fa94-04c1-424b-9868-57a2d4851a1d" />
    <TestEntry testId="cda0b258-88d1-16ab-b8fd-2c860414e549" executionId="616d3452-c7db-44a3-bfbf-09d92014d1f3" testListId="8c84fa94-04c1-424b-9868-57a2d4851a1d" />
    <TestEntry testId="d905214a-0b6a-8ea3-c22a-8594a3904ae4" executionId="aa5cb782-fbf9-4506-9f3d-ab1f528adf41" testListId="8c84fa94-04c1-424b-9868-57a2d4851a1d" />
    <TestEntry testId="eb705fd3-2c48-d7d8-45d8-e28099c65753" executionId="7a94effd-714b-4431-9ea0-ae5fb77f3d1b" testListId="8c84fa94-04c1-424b-9868-57a2d4851a1d" />
    <TestEntry testId="f6549885-ea20-1c9f-08ca-a651e5a2b0c1" executionId="0a3d1a2a-a4e5-4893-be20-a604aedecc5f" testListId="8c84fa94-04c1-424b-9868-57a2d4851a1d" />
  </TestEntries>
  <Results>
    <UnitTestResult executionId="76729b31-ca7c-46d5-951b-4220c42969b5" testId="760649c4-9401-2b48-9cc2-4f7b8e7ef4ad" testName="TestToRad" computerName="PAVVIN-PC" duration="00:00:00.0242640" startTime="2014-09-26T20:15:49.6835539+06:00" endTime="2014-09-26T20:15:49.9390863+06:00" testType="13cdc9d9-ddb5-4fa4-a97d-d965ccfc6d4b" outcome="Passed" testListId="8c84fa94-04c1-424b-9868-57a2d4851a1d" relativeResultsDirectory="76729b31-ca7c-46d5-951b-4220c42969b5">
    </UnitTestResult>
    <UnitTestResult executionId="6c334d60-04d2-4150-983e-6f7e017fab6d" testId="77f3d16f-f6b2-1614-edbc-bcb765aeebdc" testName="TestToGRad" computerName="PAVVIN-PC" duration="00:00:00.0003132" startTime="2014-09-26T20:15:49.9435869+06:00" endTime="2014-09-26T20:15:49.9485875+06:00" testType="13cdc9d9-ddb5-4fa4-a97d-d965ccfc6d4b" outcome="Passed" testListId="8c84fa94-04c1-424b-9868-57a2d4851a1d" relativeResultsDirectory="6c334d60-04d2-4150-983e-6f7e017fab6d">
    </UnitTestResult>
    <UnitTestResult executionId="98219ad9-ae8d-46fa-a881-e5010dff5edc" testId="c1d5f9f6-8c49-7906-8f05-c60e2c9c0710" testName="TestCheck3" computerName="PAVVIN-PC" duration="00:00:00.0006233" startTime="2014-09-26T20:15:49.9525880+06:00" endTime="2014-09-26T20:15:49.9580887+06:00" testType="13cdc9d9-ddb5-4fa4-a97d-d965ccfc6d4b" outcome="Passed" testListId="8c84fa94-04c1-424b-9868-57a2d4851a1d" relativeResultsDirectory="98219ad9-ae8d-46fa-a881-e5010dff5edc">
    </UnitTestResult>
    <UnitTestResult executionId="e79fb016-292b-42c4-bf57-14da066de139" testId="c7099b90-4b83-6407-b217-b0d757c027eb" testName="TestCheck1" computerName="PAVVIN-PC" duration="00:00:00.0002242" startTime="2014-09-26T20:15:49.9615892+06:00" endTime="2014-09-26T20:15:49.9655897+06:00" testType="13cdc9d9-ddb5-4fa4-a97d-d965ccfc6d4b" outcome="Passed" testListId="8c84fa94-04c1-424b-9868-57a2d4851a1d" relativeResultsDirectory="e79fb016-292b-42c4-bf57-14da066de139">
    </UnitTestResult>
    <UnitTestResult executionId="9d74a35c-96dc-42ba-9205-98b37be0d1d2" testId="c729d40a-9398-15a7-70c0-36089313dbe0" testName="TestMain3" computerName="PAVVIN-PC" duration="00:00:00.0015305" startTime="2014-09-26T20:15:49.9690901+06:00" endTime="2014-09-26T20:15:49.9740908+06:00" testType="13cdc9d9-ddb5-4fa4-a97d-d965ccfc6d4b" outcome="Passed" testListId="8c84fa94-04c1-424b-9868-57a2d4851a1d" relativeResultsDirectory="9d74a35c-96dc-42ba-9205-98b37be0d1d2">
    </UnitTestResult>
    <UnitTestResult executionId="e4974e87-e376-4bfb-a838-bb6edf22f555" testId="cc93fb6a-2fdd-4ca0-ce14-1fad4e30bec4" testName="TestCheck2" computerName="PAVVIN-PC" duration="00:00:00.0002613" startTime="2014-09-26T20:15:49.9780913+06:00" endTime="2014-09-26T20:15:49.9825918+06:00" testType="13cdc9d9-ddb5-4fa4-a97d-d965ccfc6d4b" outcome="Passed" testListId="8c84fa94-04c1-424b-9868-57a2d4851a1d" relativeResultsDirectory="e4974e87-e376-4bfb-a838-bb6edf22f555">
    </UnitTestResult>
    <UnitTestResult executionId="19c3e084-bd62-4abf-b384-7b4bf78272d4" testId="cd8f623d-4ac9-f0ca-3b45-f26e7ecaf0d8" testName="TestCalcBeta" computerName="PAVVIN-PC" duration="00:00:00.0004938" startTime="2014-09-26T20:15:49.9860923+06:00" endTime="2014-09-26T20:15:49.9905929+06:00" testType="13cdc9d9-ddb5-4fa4-a97d-d965ccfc6d4b" outcome="Passed" testListId="8c84fa94-04c1-424b-9868-57a2d4851a1d" relativeResultsDirectory="19c3e084-bd62-4abf-b384-7b4bf78272d4">
    </UnitTestResult>
    <UnitTestResult executionId="616d3452-c7db-44a3-bfbf-09d92014d1f3" testId="cda0b258-88d1-16ab-b8fd-2c860414e549" testName="TestMain1" computerName="PAVVIN-PC" duration="00:00:00.3556986" startTime="2014-09-26T20:15:49.9960936+06:00" endTime="2014-09-26T20:15:50.3576395+06:00" testType="13cdc9d9-ddb5-4fa4-a97d-d965ccfc6d4b" outcome="Passed" testListId="8c84fa94-04c1-424b-9868-57a2d4851a1d" relativeResultsDirectory="616d3452-c7db-44a3-bfbf-09d92014d1f3">
      <Output>
        <StdOut>Ошибка данных в 4 строке.
Ошибка данных в 11 строке.
Ошибка данных в 14 строке.
Ошибка данных в 37 строке.
 A - 14  B - 4  C - 11.5240635414383  Alpha - 45  Beta - 120.792362334603  Hamma - 14.207637665397 
 A - 24  B - 4  C - 21.3596698947381  Alpha - 45  Beta - 127.390597778256  Hamma - 7.60940222174397 
 A - 3.4  B - 4  C - 2.88560141941431  Alpha - 45  Beta - 56.4245621761448  Hamma - 78.5754378238552 
 A - 54  B - 4  C - 51.2496816626934  Alpha - 45  Beta - 131.836286367076  Hamma - 3.16371363292349 
 A - 64  B - 4  C - 61.2369278134729  Alpha - 45  Beta - 132.352665802774  Hamma - 2.64733419722562 
 A - 74  B - 4  C - 71.2277529165252  Alpha - 45  Beta - 132.724207902909  Hamma - 2.27579209709098 
 A - 84  B - 4  C - 81.2208362616554  Alpha - 45  Beta - 133.004333410093  Hamma - 1.99566658990718 
 A - 94  B - 4  C - 91.2154356485113  Alpha - 45  Beta - 133.223075767125  Hamma - 1.77692423287565 
 A - 14  B - 4  C - 11.5240635414383  Alpha - 45  Beta - 120.792362334603  Hamma - 14.207637665397 
 A - 34  B - 4  C - 31.2996318751077  Alpha - 45  Beta - 129.815328416657  Hamma - 5.18467158334281 
 A - 44  B - 4  C - 41.2686129282574  Alpha - 45  Beta - 131.070038060949  Hamma - 3.92996193905092 
 A - 64  B - 1.4  C - 63.0178265636905  Alpha - 45  Beta - 134.099901343746  Hamma - 0.900098656253747 
 A - 74  B - 4  C - 71.2277529165252  Alpha - 45  Beta - 132.724207902909  Hamma - 2.27579209709098 
 A - 84  B - 0.4  C - 83.7176350854721  Alpha - 45  Beta - 134.806424004879  Hamma - 0.193575995120069 
 A - 94  B - 4  C - 91.2154356485113  Alpha - 45  Beta - 133.223075767125  Hamma - 1.77692423287565 
 A - 14  B - 4  C - 11.5240635414383  Alpha - 45  Beta - 120.792362334603  Hamma - 14.207637665397 
 A - 24  B - 4  C - 21.3596698947381  Alpha - 45  Beta - 127.390597778256  Hamma - 7.60940222174397 
 A - 34  B - 4  C - 31.2996318751077  Alpha - 45  Beta - 129.815328416657  Hamma - 5.18467158334281 
 A - 44  B - 4  C - 41.2686129282574  Alpha - 45  Beta - 131.070038060949  Hamma - 3.92996193905092 
 A - 54  B - 4  C - 51.2496816626934  Alpha - 45  Beta - 131.836286367076  Hamma - 3.16371363292349 
 A - 64  B - 4  C - 61.2369278134729  Alpha - 45  Beta - 132.352665802774  Hamma - 2.64733419722562 
 A - 744  B - 4  C - 741.176969716665  Alpha - 45  Beta - 134.781351368341  Hamma - 0.218648631659703 
 A - 84  B - 4  C - 81.2208362616554  Alpha - 45  Beta - 133.004333410093  Hamma - 1.99566658990718 
 A - 94  B - 4  C - 91.2154356485113  Alpha - 45  Beta - 133.223075767125  Hamma - 1.77692423287565 
 A - 14  B - 4  C - 11.5240635414383  Alpha - 45  Beta - 120.792362334603  Hamma - 14.207637665397 
 A - 24  B - 4  C - 21.3596698947381  Alpha - 45  Beta - 127.390597778256  Hamma - 7.60940222174397 
 A - 34  B - 4  C - 31.2996318751077  Alpha - 45  Beta - 129.815328416657  Hamma - 5.18467158334281 
 A - 44  B - 4  C - 41.2686129282574  Alpha - 45  Beta - 131.070038060949  Hamma - 3.92996193905092 
 A - 54  B - 4  C - 51.2496816626934  Alpha - 45  Beta - 131.836286367076  Hamma - 3.16371363292349 
 A - 64  B - 4  C - 60.0131512681065  Alpha - 4.5  Beta - 175.200372638714  Hamma - 0.299627361286265 
 A - 74  B - 4  C - 71.2277529165252  Alpha - 45  Beta - 132.724207902909  Hamma - 2.27579209709098 
 A - 84  B - 4  C - 81.2208362616554  Alpha - 45  Beta - 133.004333410093  Hamma - 1.99566658990718 
 A - 94  B - 4  C - 91.2154356485113  Alpha - 45  Beta - 133.223075767125  Hamma - 1.77692423287565 
 A - 24  B - 4  C - 21.3596698947381  Alpha - 45  Beta - 127.390597778256  Hamma - 7.60940222174397 
 A - 34  B - 4  C - 31.2996318751077  Alpha - 45  Beta - 129.815328416657  Hamma - 5.18467158334281 
 A - 44  B - 4  C - 41.2686129282574  Alpha - 45  Beta - 131.070038060949  Hamma - 3.92996193905092 
 A - 54  B - 4  C - 51.2496816626934  Alpha - 45  Beta - 131.836286367076  Hamma - 3.16371363292349 
 A - 64  B - 4  C - 61.2369278134729  Alpha - 45  Beta - 132.352665802774  Hamma - 2.64733419722562 
 A - 74  B - 4  C - 71.2277529165252  Alpha - 45  Beta - 132.724207902909  Hamma - 2.27579209709098 
 A - 84  B - 4  C - 81.2208362616554  Alpha - 45  Beta - 133.004333410093  Hamma - 1.99566658990718 
 A - 94  B - 4  C - 91.2154356485113  Alpha - 45  Beta - 133.223075767125  Hamma - 1.77692423287565 
 A - 14  B - 4  C - 11.5240635414383  Alpha - 45  Beta - 120.792362334603  Hamma - 14.207637665397 
 A - 24  B - 4  C - 21.3596698947381  Alpha - 45  Beta - 127.390597778256  Hamma - 7.60940222174397 
 A - 34  B - 4  C - 31.2996318751077  Alpha - 45  Beta - 129.815328416657  Hamma - 5.18467158334281 
 A - 44  B - 4  C - 41.2686129282574  Alpha - 45  Beta - 131.070038060949  Hamma - 3.92996193905092 
 A - 54  B - 4  C - 51.2496816626934  Alpha - 45  Beta - 131.836286367076  Hamma - 3.16371363292349 
Файл кончился. Считано 56 записей
 A - 64  B - 4  C - 61.2369278134729  Alpha - 45  Beta - 132.352665802774  Hamma - 2.64733419722562 
 A - 74  B - 4  C - 71.2277529165252  Alpha - 45  Beta - 132.724207902909  Hamma - 2.27579209709098 
 A - 84  B - 4  C - 81.2208362616554  Alpha - 45  Beta - 133.004333410093  Hamma - 1.99566658990718 
 A - 94  B - 4  C - 91.2154356485113  Alpha - 45  Beta - 133.223075767125  Hamma - 1.77692423287565 
 A - 14  B - 4  C - 11.5240635414383  Alpha - 45  Beta - 120.792362334603  Hamma - 14.207637665397 
 A - 24  B - 4  C - 21.3596698947381  Alpha - 45  Beta - 127.390597778256  Hamma - 7.60940222174397</StdOut>
      </Output>
    </UnitTestResult>
    <UnitTestResult executionId="aa5cb782-fbf9-4506-9f3d-ab1f528adf41" testId="d905214a-0b6a-8ea3-c22a-8594a3904ae4" testName="TestCalcC" computerName="PAVVIN-PC" duration="00:00:00.0002205" startTime="2014-09-26T20:15:50.3606398+06:00" endTime="2014-09-26T20:15:50.3641403+06:00" testType="13cdc9d9-ddb5-4fa4-a97d-d965ccfc6d4b" outcome="Passed" testListId="8c84fa94-04c1-424b-9868-57a2d4851a1d" relativeResultsDirectory="aa5cb782-fbf9-4506-9f3d-ab1f528adf41">
    </UnitTestResult>
    <UnitTestResult executionId="7a94effd-714b-4431-9ea0-ae5fb77f3d1b" testId="eb705fd3-2c48-d7d8-45d8-e28099c65753" testName="TestMain2" computerName="PAVVIN-PC" duration="00:00:00.0002015" startTime="2014-09-26T20:15:50.3671407+06:00" endTime="2014-09-26T20:15:50.3706411+06:00" testType="13cdc9d9-ddb5-4fa4-a97d-d965ccfc6d4b" outcome="Passed" testListId="8c84fa94-04c1-424b-9868-57a2d4851a1d" relativeResultsDirectory="7a94effd-714b-4431-9ea0-ae5fb77f3d1b">
    </UnitTestResult>
    <UnitTestResult executionId="0a3d1a2a-a4e5-4893-be20-a604aedecc5f" testId="f6549885-ea20-1c9f-08ca-a651e5a2b0c1" testName="TestCalcHamma" computerName="PAVVIN-PC" duration="00:00:00.0001902" startTime="2014-09-26T20:15:50.3741416+06:00" endTime="2014-09-26T20:15:50.3776420+06:00" testType="13cdc9d9-ddb5-4fa4-a97d-d965ccfc6d4b" outcome="Passed" testListId="8c84fa94-04c1-424b-9868-57a2d4851a1d" relativeResultsDirectory="0a3d1a2a-a4e5-4893-be20-a604aedecc5f">
    </UnitTestResult>
  </Results>
</TestRun>