<?xml version="1.0" encoding="UTF-8"?>
<TestRun id="b7f9d62f-c5d7-4729-a4f6-aac27f310d8a" name="PAVVIN@PAVVIN-PC 2014-09-26 20:13:51" runUser="PAVVIN-PC\PAVVIN" xmlns="http://microsoft.com/schemas/VisualStudio/TeamTest/2010">
  <TestSettings name="Local" id="4d9899d7-1909-47d2-82d6-bdb7a4dab225">
    <Description>These are default test settings for a local test run.</Description>
    <Deployment enabled="false" runDeploymentRoot="PAVVIN_PAVVIN-PC 2014-09-26 20_13_51">
      <DeploymentItem filename="C:\Users\PAVVIN\Desktop\Downloaded\MiKPO-master\MiKPO-master\Vinnik_Handyukov\Vinnik_Handyukov\bin\Debug\Vinnik_Handyukov.exe" />
    </Deployment>
    <Execution>
      <TestTypeSpecific />
      <AgentRule name="Execution Agents">
      </AgentRule>
    </Execution>
  </TestSettings>
  <Times creation="2014-09-26T20:13:51.0134847+06:00" queuing="2014-09-26T20:13:51.0374877+06:00" start="2014-09-26T20:13:51.0514895+06:00" finish="2014-09-26T20:13:51.7080729+06:00" />
  <ResultSummary outcome="Completed">
    <Counters total="9" executed="9" passed="9" error="0" failed="0" timeout="0" aborted="0" inconclusive="0" passedButRunAborted="0" notRunnable="0" notExecuted="0" disconnected="0" warning="0" completed="0" inProgress="0" pending="0" />
  </ResultSummary>
  <TestDefinitions>
    <UnitTest name="TestCheck1" storage="c:\users\pavvin\desktop\downloaded\mikpo-master\mikpo-master\vinnik_handyukov\unittests\bin\debug\unittests.dll" id="c7099b90-4b83-6407-b217-b0d757c027eb">
      <Execution id="6bd3a1ce-f1b5-4643-a571-efcedcfb10d3" />
      <TestMethod codeBase="C:/Users/PAVVIN/Desktop/Downloaded/MiKPO-master/MiKPO-master/Vinnik_Handyukov/UnitTests/bin/Debug/UnitTests.DLL" adapterTypeName="Microsoft.VisualStudio.TestTools.TestTypes.Unit.UnitTestAdapter, Microsoft.VisualStudio.QualityTools.Tips.UnitTest.Adapter, Version=10.0.0.0, Culture=neutral, PublicKeyToken=b03f5f7f11d50a3a" className="UnitTests.UnitTests, UnitTests, Version=1.0.0.0, Culture=neutral, PublicKeyToken=null" name="TestCheck1" />
    </UnitTest>
    <UnitTest name="TestCalcHamma" storage="c:\users\pavvin\desktop\downloaded\mikpo-master\mikpo-master\vinnik_handyukov\unittests\bin\debug\unittests.dll" id="f6549885-ea20-1c9f-08ca-a651e5a2b0c1">
      <Execution id="c056c278-1285-4643-9704-64435321f9f5" />
      <TestMethod codeBase="C:/Users/PAVVIN/Desktop/Downloaded/MiKPO-master/MiKPO-master/Vinnik_Handyukov/UnitTests/bin/Debug/UnitTests.DLL" adapterTypeName="Microsoft.VisualStudio.TestTools.TestTypes.Unit.UnitTestAdapter, Microsoft.VisualStudio.QualityTools.Tips.UnitTest.Adapter, Version=10.0.0.0, Culture=neutral, PublicKeyToken=b03f5f7f11d50a3a" className="UnitTests.UnitTests, UnitTests, Version=1.0.0.0, Culture=neutral, PublicKeyToken=null" name="TestCalcHamma" />
    </UnitTest>
    <UnitTest name="TestToRad" storage="c:\users\pavvin\desktop\downloaded\mikpo-master\mikpo-master\vinnik_handyukov\unittests\bin\debug\unittests.dll" id="760649c4-9401-2b48-9cc2-4f7b8e7ef4ad">
      <Execution id="c90cc095-5f77-4a59-b24a-f1cf37fd751d" />
      <TestMethod codeBase="C:/Users/PAVVIN/Desktop/Downloaded/MiKPO-master/MiKPO-master/Vinnik_Handyukov/UnitTests/bin/Debug/UnitTests.DLL" adapterTypeName="Microsoft.VisualStudio.TestTools.TestTypes.Unit.UnitTestAdapter, Microsoft.VisualStudio.QualityTools.Tips.UnitTest.Adapter, Version=10.0.0.0, Culture=neutral, PublicKeyToken=b03f5f7f11d50a3a" className="UnitTests.UnitTests, UnitTests, Version=1.0.0.0, Culture=neutral, PublicKeyToken=null" name="TestToRad" />
    </UnitTest>
    <UnitTest name="TestCalcC" storage="c:\users\pavvin\desktop\downloaded\mikpo-master\mikpo-master\vinnik_handyukov\unittests\bin\debug\unittests.dll" id="d905214a-0b6a-8ea3-c22a-8594a3904ae4">
      <Execution id="43548f3a-90e2-4040-be1f-4f9734520bf1" />
      <TestMethod codeBase="C:/Users/PAVVIN/Desktop/Downloaded/MiKPO-master/MiKPO-master/Vinnik_Handyukov/UnitTests/bin/Debug/UnitTests.DLL" adapterTypeName="Microsoft.VisualStudio.TestTools.TestTypes.Unit.UnitTestAdapter, Microsoft.VisualStudio.QualityTools.Tips.UnitTest.Adapter, Version=10.0.0.0, Culture=neutral, PublicKeyToken=b03f5f7f11d50a3a" className="UnitTests.UnitTests, UnitTests, Version=1.0.0.0, Culture=neutral, PublicKeyToken=null" name="TestCalcC" />
    </UnitTest>
    <UnitTest name="TestCheck3" storage="c:\users\pavvin\desktop\downloaded\mikpo-master\mikpo-master\vinnik_handyukov\unittests\bin\debug\unittests.dll" id="c1d5f9f6-8c49-7906-8f05-c60e2c9c0710">
      <Execution id="af59409c-7211-4f74-8eca-48336d2a9cf7" />
      <TestMethod codeBase="C:/Users/PAVVIN/Desktop/Downloaded/MiKPO-master/MiKPO-master/Vinnik_Handyukov/UnitTests/bin/Debug/UnitTests.DLL" adapterTypeName="Microsoft.VisualStudio.TestTools.TestTypes.Unit.UnitTestAdapter, Microsoft.VisualStudio.QualityTools.Tips.UnitTest.Adapter, Version=10.0.0.0, Culture=neutral, PublicKeyToken=b03f5f7f11d50a3a" className="UnitTests.UnitTests, UnitTests, Version=1.0.0.0, Culture=neutral, PublicKeyToken=null" name="TestCheck3" />
    </UnitTest>
    <UnitTest name="TestCheck2" storage="c:\users\pavvin\desktop\downloaded\mikpo-master\mikpo-master\vinnik_handyukov\unittests\bin\debug\unittests.dll" id="cc93fb6a-2fdd-4ca0-ce14-1fad4e30bec4">
      <Execution id="0a0b6fbc-6a00-4d7e-bea1-63b54e116c7b" />
      <TestMethod codeBase="C:/Users/PAVVIN/Desktop/Downloaded/MiKPO-master/MiKPO-master/Vinnik_Handyukov/UnitTests/bin/Debug/UnitTests.DLL" adapterTypeName="Microsoft.VisualStudio.TestTools.TestTypes.Unit.UnitTestAdapter, Microsoft.VisualStudio.QualityTools.Tips.UnitTest.Adapter, Version=10.0.0.0, Culture=neutral, PublicKeyToken=b03f5f7f11d50a3a" className="UnitTests.UnitTests, UnitTests, Version=1.0.0.0, Culture=neutral, PublicKeyToken=null" name="TestCheck2" />
    </UnitTest>
    <UnitTest name="TestMain" storage="c:\users\pavvin\desktop\downloaded\mikpo-master\mikpo-master\vinnik_handyukov\unittests\bin\debug\unittests.dll" id="c5d5004c-4eed-5678-ff18-a97e6f81a59f">
      <Execution id="5388608e-397a-4365-b142-09988348708d" />
      <TestMethod codeBase="C:/Users/PAVVIN/Desktop/Downloaded/MiKPO-master/MiKPO-master/Vinnik_Handyukov/UnitTests/bin/Debug/UnitTests.DLL" adapterTypeName="Microsoft.VisualStudio.TestTools.TestTypes.Unit.UnitTestAdapter, Microsoft.VisualStudio.QualityTools.Tips.UnitTest.Adapter, Version=10.0.0.0, Culture=neutral, PublicKeyToken=b03f5f7f11d50a3a" className="UnitTests.UnitTests, UnitTests, Version=1.0.0.0, Culture=neutral, PublicKeyToken=null" name="TestMain" />
    </UnitTest>
    <UnitTest name="TestCalcBeta" storage="c:\users\pavvin\desktop\downloaded\mikpo-master\mikpo-master\vinnik_handyukov\unittests\bin\debug\unittests.dll" id="cd8f623d-4ac9-f0ca-3b45-f26e7ecaf0d8">
      <Execution id="3de20223-0100-439c-86a9-d4fa1793bfe6" />
      <TestMethod codeBase="C:/Users/PAVVIN/Desktop/Downloaded/MiKPO-master/MiKPO-master/Vinnik_Handyukov/UnitTests/bin/Debug/UnitTests.DLL" adapterTypeName="Microsoft.VisualStudio.TestTools.TestTypes.Unit.UnitTestAdapter, Microsoft.VisualStudio.QualityTools.Tips.UnitTest.Adapter, Version=10.0.0.0, Culture=neutral, PublicKeyToken=b03f5f7f11d50a3a" className="UnitTests.UnitTests, UnitTests, Version=1.0.0.0, Culture=neutral, PublicKeyToken=null" name="TestCalcBeta" />
    </UnitTest>
    <UnitTest name="TestToGRad" storage="c:\users\pavvin\desktop\downloaded\mikpo-master\mikpo-master\vinnik_handyukov\unittests\bin\debug\unittests.dll" id="77f3d16f-f6b2-1614-edbc-bcb765aeebdc">
      <Execution id="26d45b2c-6467-46fe-8ed0-a29364605905" />
      <TestMethod codeBase="C:/Users/PAVVIN/Desktop/Downloaded/MiKPO-master/MiKPO-master/Vinnik_Handyukov/UnitTests/bin/Debug/UnitTests.DLL" adapterTypeName="Microsoft.VisualStudio.TestTools.TestTypes.Unit.UnitTestAdapter, Microsoft.VisualStudio.QualityTools.Tips.UnitTest.Adapter, Version=10.0.0.0, Culture=neutral, PublicKeyToken=b03f5f7f11d50a3a" className="UnitTests.UnitTests, UnitTests, Version=1.0.0.0, Culture=neutral, PublicKeyToken=null" name="TestToGRad" />
    </UnitTest>
  </TestDefinitions>
  <TestLists>
    <TestList name="Results Not in a List" id="8c84fa94-04c1-424b-9868-57a2d4851a1d" />
    <TestList name="All Loaded Results" id="19431567-8539-422a-85d7-44ee4e166bda" />
  </TestLists>
  <TestEntries>
    <TestEntry testId="760649c4-9401-2b48-9cc2-4f7b8e7ef4ad" executionId="c90cc095-5f77-4a59-b24a-f1cf37fd751d" testListId="8c84fa94-04c1-424b-9868-57a2d4851a1d" />
    <TestEntry testId="77f3d16f-f6b2-1614-edbc-bcb765aeebdc" executionId="26d45b2c-6467-46fe-8ed0-a29364605905" testListId="8c84fa94-04c1-424b-9868-57a2d4851a1d" />
    <TestEntry testId="c1d5f9f6-8c49-7906-8f05-c60e2c9c0710" executionId="af59409c-7211-4f74-8eca-48336d2a9cf7" testListId="8c84fa94-04c1-424b-9868-57a2d4851a1d" />
    <TestEntry testId="c5d5004c-4eed-5678-ff18-a97e6f81a59f" executionId="5388608e-397a-4365-b142-09988348708d" testListId="8c84fa94-04c1-424b-9868-57a2d4851a1d" />
    <TestEntry testId="c7099b90-4b83-6407-b217-b0d757c027eb" executionId="6bd3a1ce-f1b5-4643-a571-efcedcfb10d3" testListId="8c84fa94-04c1-424b-9868-57a2d4851a1d" />
    <TestEntry testId="cc93fb6a-2fdd-4ca0-ce14-1fad4e30bec4" executionId="0a0b6fbc-6a00-4d7e-bea1-63b54e116c7b" testListId="8c84fa94-04c1-424b-9868-57a2d4851a1d" />
    <TestEntry testId="cd8f623d-4ac9-f0ca-3b45-f26e7ecaf0d8" executionId="3de20223-0100-439c-86a9-d4fa1793bfe6" testListId="8c84fa94-04c1-424b-9868-57a2d4851a1d" />
    <TestEntry testId="d905214a-0b6a-8ea3-c22a-8594a3904ae4" executionId="43548f3a-90e2-4040-be1f-4f9734520bf1" testListId="8c84fa94-04c1-424b-9868-57a2d4851a1d" />
    <TestEntry testId="f6549885-ea20-1c9f-08ca-a651e5a2b0c1" executionId="c056c278-1285-4643-9704-64435321f9f5" testListId="8c84fa94-04c1-424b-9868-57a2d4851a1d" />
  </TestEntries>
  <Results>
    <UnitTestResult executionId="c90cc095-5f77-4a59-b24a-f1cf37fd751d" testId="760649c4-9401-2b48-9cc2-4f7b8e7ef4ad" testName="TestToRad" computerName="PAVVIN-PC" duration="00:00:00.0177095" startTime="2014-09-26T20:13:51.0634910+06:00" endTime="2014-09-26T20:13:51.2890197+06:00" testType="13cdc9d9-ddb5-4fa4-a97d-d965ccfc6d4b" outcome="Passed" testListId="8c84fa94-04c1-424b-9868-57a2d4851a1d" relativeResultsDirectory="c90cc095-5f77-4a59-b24a-f1cf37fd751d">
    </UnitTestResult>
    <UnitTestResult executionId="26d45b2c-6467-46fe-8ed0-a29364605905" testId="77f3d16f-f6b2-1614-edbc-bcb765aeebdc" testName="TestToGRad" computerName="PAVVIN-PC" duration="00:00:00.0002593" startTime="2014-09-26T20:13:51.2935202+06:00" endTime="2014-09-26T20:13:51.2980208+06:00" testType="13cdc9d9-ddb5-4fa4-a97d-d965ccfc6d4b" outcome="Passed" testListId="8c84fa94-04c1-424b-9868-57a2d4851a1d" relativeResultsDirectory="26d45b2c-6467-46fe-8ed0-a29364605905">
    </UnitTestResult>
    <UnitTestResult executionId="af59409c-7211-4f74-8eca-48336d2a9cf7" testId="c1d5f9f6-8c49-7906-8f05-c60e2c9c0710" testName="TestCheck3" computerName="PAVVIN-PC" duration="00:00:00.0008881" startTime="2014-09-26T20:13:51.3205237+06:00" endTime="2014-09-26T20:13:51.3290248+06:00" testType="13cdc9d9-ddb5-4fa4-a97d-d965ccfc6d4b" outcome="Passed" testListId="8c84fa94-04c1-424b-9868-57a2d4851a1d" relativeResultsDirectory="af59409c-7211-4f74-8eca-48336d2a9cf7">
    </UnitTestResult>
    <UnitTestResult executionId="5388608e-397a-4365-b142-09988348708d" testId="c5d5004c-4eed-5678-ff18-a97e6f81a59f" testName="TestMain" computerName="PAVVIN-PC" duration="00:00:00.2479957" startTime="2014-09-26T20:13:51.3340254+06:00" endTime="2014-09-26T20:13:51.5895578+06:00" testType="13cdc9d9-ddb5-4fa4-a97d-d965ccfc6d4b" outcome="Passed" testListId="8c84fa94-04c1-424b-9868-57a2d4851a1d" relativeResultsDirectory="5388608e-397a-4365-b142-09988348708d">
      <Output>
        <StdOut>Ошибка данных в 4 строке.
Ошибка данных в 11 строке.
Ошибка данных в 14 строке.
Ошибка данных в 37 строке.
 A - 14  B - 4  C - 11.5240635414383  Alpha - 45  Beta - 120.792362334603  Hamma - 14.207637665397 
 A - 24  B - 4  C - 21.3596698947381  Alpha - 45  Beta - 127.390597778256  Hamma - 7.60940222174397 
 A - 3.4  B - 4  C - 2.88560141941431  Alpha - 45  Beta - 56.4245621761448  Hamma - 78.5754378238552 
 A - 54  B - 4  C - 51.2496816626934  Alpha - 45  Beta - 131.836286367076  Hamma - 3.16371363292349 
 A - 64  B - 4  C - 61.2369278134729  Alpha - 45  Beta - 132.352665802774  Hamma - 2.64733419722562 
 A - 74  B - 4  C - 71.2277529165252  Alpha - 45  Beta - 132.724207902909  Hamma - 2.27579209709098 
 A - 84  B - 4  C - 81.2208362616554  Alpha - 45  Beta - 133.004333410093  Hamma - 1.99566658990718 
 A - 94  B - 4  C - 91.2154356485113  Alpha - 45  Beta - 133.223075767125  Hamma - 1.77692423287565 
 A - 14  B - 4  C - 11.5240635414383  Alpha - 45  Beta - 120.792362334603  Hamma - 14.207637665397 
 A - 34  B - 4  C - 31.2996318751077  Alpha - 45  Beta - 129.815328416657  Hamma - 5.18467158334281 
 A - 44  B - 4  C - 41.2686129282574  Alpha - 45  Beta - 131.070038060949  Hamma - 3.92996193905092 
 A - 64  B - 1.4  C - 63.0178265636905  Alpha - 45  Beta - 134.099901343746  Hamma - 0.900098656253747 
 A - 74  B - 4  C - 71.2277529165252  Alpha - 45  Beta - 132.724207902909  Hamma - 2.27579209709098 
 A - 84  B - 0.4  C - 83.7176350854721  Alpha - 45  Beta - 134.806424004879  Hamma - 0.193575995120069 
 A - 94  B - 4  C - 91.2154356485113  Alpha - 45  Beta - 133.223075767125  Hamma - 1.77692423287565 
 A - 14  B - 4  C - 11.5240635414383  Alpha - 45  Beta - 120.792362334603  Hamma - 14.207637665397 
 A - 24  B - 4  C - 21.3596698947381  Alpha - 45  Beta - 127.390597778256  Hamma - 7.60940222174397 
 A - 34  B - 4  C - 31.2996318751077  Alpha - 45  Beta - 129.815328416657  Hamma - 5.18467158334281 
 A - 44  B - 4  C - 41.2686129282574  Alpha - 45  Beta - 131.070038060949  Hamma - 3.92996193905092 
 A - 54  B - 4  C - 51.2496816626934  Alpha - 45  Beta - 131.836286367076  Hamma - 3.16371363292349 
 A - 64  B - 4  C - 61.2369278134729  Alpha - 45  Beta - 132.352665802774  Hamma - 2.64733419722562 
 A - 744  B - 4  C - 741.176969716665  Alpha - 45  Beta - 134.781351368341  Hamma - 0.218648631659703 
 A - 84  B - 4  C - 81.2208362616554  Alpha - 45  Beta - 133.004333410093  Hamma - 1.99566658990718 
 A - 94  B - 4  C - 91.2154356485113  Alpha - 45  Beta - 133.223075767125  Hamma - 1.77692423287565 
 A - 14  B - 4  C - 11.5240635414383  Alpha - 45  Beta - 120.792362334603  Hamma - 14.207637665397 
 A - 24  B - 4  C - 21.3596698947381  Alpha - 45  Beta - 127.390597778256  Hamma - 7.60940222174397 
 A - 34  B - 4  C - 31.2996318751077  Alpha - 45  Beta - 129.815328416657  Hamma - 5.18467158334281 
 A - 44  B - 4  C - 41.2686129282574  Alpha - 45  Beta - 131.070038060949  Hamma - 3.92996193905092 
 A - 54  B - 4  C - 51.2496816626934  Alpha - 45  Beta - 131.836286367076  Hamma - 3.16371363292349 
 A - 64  B - 4  C - 60.0131512681065  Alpha - 4.5  Beta - 175.200372638714  Hamma - 0.299627361286265 
 A - 74  B - 4  C - 71.2277529165252  Alpha - 45  Beta - 132.724207902909  Hamma - 2.27579209709098 
 A - 84  B - 4  C - 81.2208362616554  Alpha - 45  Beta - 133.004333410093  Hamma - 1.99566658990718 
 A - 94  B - 4  C - 91.2154356485113  Alpha - 45  Beta - 133.223075767125  Hamma - 1.77692423287565 
 A - 24  B - 4  C - 21.3596698947381  Alpha - 45  Beta - 127.390597778256  Hamma - 7.60940222174397 
 A - 34  B - 4  C - 31.2996318751077  Alpha - 45  Beta - 129.815328416657  Hamma - 5.18467158334281 
 A - 44  B - 4  C - 41.2686129282574  Alpha - 45  Beta - 131.070038060949  Hamma - 3.92996193905092 
 A - 54  B - 4  C - 51.2496816626934  Alpha - 45  Beta - 131.836286367076  Hamma - 3.16371363292349 
 A - 64  B - 4  C - 61.2369278134729  Alpha - 45  Beta - 132.352665802774  Hamma - 2.64733419722562 
 A - 74  B - 4  C - 71.2277529165252  Alpha - 45  Beta - 132.724207902909  Hamma - 2.27579209709098 
 A - 84  B - 4  C - 81.2208362616554  Alpha - 45  Beta - 133.004333410093  Hamma - 1.99566658990718 
 A - 94  B - 4  C - 91.2154356485113  Alpha - 45  Beta - 133.223075767125  Hamma - 1.77692423287565 
 A - 14  B - 4  C - 11.5240635414383  Alpha - 45  Beta - 120.792362334603  Hamma - 14.207637665397 
 A - 24  B - 4  C - 21.3596698947381  Alpha - 45  Beta - 127.390597778256  Hamma - 7.60940222174397 
 A - 34  B - 4  C - 31.2996318751077  Alpha - 45  Beta - 129.815328416657  Hamma - 5.18467158334281 
 A - 44  B - 4  C - 41.2686129282574  Alpha - 45  Beta - 131.070038060949  Hamma - 3.92996193905092 
 A - 54  B - 4  C - 51.2496816626934  Alpha - 45  Beta - 131.836286367076  Hamma - 3.16371363292349 
Файл кончился. Считано 56 записей
 A - 64  B - 4  C - 61.2369278134729  Alpha - 45  Beta - 132.352665802774  Hamma - 2.64733419722562 
 A - 74  B - 4  C - 71.2277529165252  Alpha - 45  Beta - 132.724207902909  Hamma - 2.27579209709098 
 A - 84  B - 4  C - 81.2208362616554  Alpha - 45  Beta - 133.004333410093  Hamma - 1.99566658990718 
 A - 94  B - 4  C - 91.2154356485113  Alpha - 45  Beta - 133.223075767125  Hamma - 1.77692423287565 
 A - 14  B - 4  C - 11.5240635414383  Alpha - 45  Beta - 120.792362334603  Hamma - 14.207637665397 
 A - 24  B - 4  C - 21.3596698947381  Alpha - 45  Beta - 127.390597778256  Hamma - 7.60940222174397</StdOut>
      </Output>
    </UnitTestResult>
    <UnitTestResult executionId="6bd3a1ce-f1b5-4643-a571-efcedcfb10d3" testId="c7099b90-4b83-6407-b217-b0d757c027eb" testName="TestCheck1" computerName="PAVVIN-PC" duration="00:00:00.0002755" startTime="2014-09-26T20:13:51.5980589+06:00" endTime="2014-09-26T20:13:51.6080602+06:00" testType="13cdc9d9-ddb5-4fa4-a97d-d965ccfc6d4b" outcome="Passed" testListId="8c84fa94-04c1-424b-9868-57a2d4851a1d" relativeResultsDirectory="6bd3a1ce-f1b5-4643-a571-efcedcfb10d3">
    </UnitTestResult>
    <UnitTestResult executionId="0a0b6fbc-6a00-4d7e-bea1-63b54e116c7b" testId="cc93fb6a-2fdd-4ca0-ce14-1fad4e30bec4" testName="TestCheck2" computerName="PAVVIN-PC" duration="00:00:00.0004002" startTime="2014-09-26T20:13:51.6140609+06:00" endTime="2014-09-26T20:13:51.6255624+06:00" testType="13cdc9d9-ddb5-4fa4-a97d-d965ccfc6d4b" outcome="Passed" testListId="8c84fa94-04c1-424b-9868-57a2d4851a1d" relativeResultsDirectory="0a0b6fbc-6a00-4d7e-bea1-63b54e116c7b">
    </UnitTestResult>
    <UnitTestResult executionId="3de20223-0100-439c-86a9-d4fa1793bfe6" testId="cd8f623d-4ac9-f0ca-3b45-f26e7ecaf0d8" testName="TestCalcBeta" computerName="PAVVIN-PC" duration="00:00:00.0003302" startTime="2014-09-26T20:13:51.6340635+06:00" endTime="2014-09-26T20:13:51.6410644+06:00" testType="13cdc9d9-ddb5-4fa4-a97d-d965ccfc6d4b" outcome="Passed" testListId="8c84fa94-04c1-424b-9868-57a2d4851a1d" relativeResultsDirectory="3de20223-0100-439c-86a9-d4fa1793bfe6">
    </UnitTestResult>
    <UnitTestResult executionId="43548f3a-90e2-4040-be1f-4f9734520bf1" testId="d905214a-0b6a-8ea3-c22a-8594a3904ae4" testName="TestCalcC" computerName="PAVVIN-PC" duration="00:00:00.0002032" startTime="2014-09-26T20:13:51.6450649+06:00" endTime="2014-09-26T20:13:51.6490654+06:00" testType="13cdc9d9-ddb5-4fa4-a97d-d965ccfc6d4b" outcome="Passed" testListId="8c84fa94-04c1-424b-9868-57a2d4851a1d" relativeResultsDirectory="43548f3a-90e2-4040-be1f-4f9734520bf1">
    </UnitTestResult>
    <UnitTestResult executionId="c056c278-1285-4643-9704-64435321f9f5" testId="f6549885-ea20-1c9f-08ca-a651e5a2b0c1" testName="TestCalcHamma" computerName="PAVVIN-PC" duration="00:00:00.0001882" startTime="2014-09-26T20:13:51.6520658+06:00" endTime="2014-09-26T20:13:51.6555662+06:00" testType="13cdc9d9-ddb5-4fa4-a97d-d965ccfc6d4b" outcome="Passed" testListId="8c84fa94-04c1-424b-9868-57a2d4851a1d" relativeResultsDirectory="c056c278-1285-4643-9704-64435321f9f5">
    </UnitTestResult>
  </Results>
</TestRun>