<?xml version="1.0" encoding="UTF-8"?>
<TestRun id="795b764e-28c5-4735-b78a-48a433b0b4dc" name="PAVVIN@PAVVIN-PC 2014-09-26 19:42:36" runUser="PAVVIN-PC\PAVVIN" xmlns="http://microsoft.com/schemas/VisualStudio/TeamTest/2010">
  <TestSettings name="Local" id="4d9899d7-1909-47d2-82d6-bdb7a4dab225">
    <Description>These are default test settings for a local test run.</Description>
    <Deployment enabled="false" runDeploymentRoot="PAVVIN_PAVVIN-PC 2014-09-26 19_42_36">
      <DeploymentItem filename="C:\Users\PAVVIN\Desktop\Downloaded\MiKPO-master\MiKPO-master\Vinnik_Handyukov\Vinnik_Handyukov\bin\Debug\Vinnik_Handyukov.exe" />
    </Deployment>
    <Execution>
      <TestTypeSpecific />
      <AgentRule name="Execution Agents">
      </AgentRule>
    </Execution>
  </TestSettings>
  <Times creation="2014-09-26T19:42:36.6819748+06:00" queuing="2014-09-26T19:42:38.3966926+06:00" start="2014-09-26T19:42:38.4802032+06:00" finish="2014-09-26T19:42:39.1177841+06:00" />
  <ResultSummary outcome="Completed">
    <Counters total="1" executed="1" passed="1" error="0" failed="0" timeout="0" aborted="0" inconclusive="0" passedButRunAborted="0" notRunnable="0" notExecuted="0" disconnected="0" warning="0" completed="0" inProgress="0" pending="0" />
  </ResultSummary>
  <TestDefinitions>
    <UnitTest name="TestCheck1" storage="c:\users\pavvin\desktop\downloaded\mikpo-master\mikpo-master\vinnik_handyukov\unittests\bin\debug\unittests.dll" id="c7099b90-4b83-6407-b217-b0d757c027eb">
      <Execution id="2f1badda-7bb6-4627-a9fe-64890e9485f7" />
      <TestMethod codeBase="C:/Users/PAVVIN/Desktop/Downloaded/MiKPO-master/MiKPO-master/Vinnik_Handyukov/UnitTests/bin/Debug/UnitTests.DLL" adapterTypeName="Microsoft.VisualStudio.TestTools.TestTypes.Unit.UnitTestAdapter, Microsoft.VisualStudio.QualityTools.Tips.UnitTest.Adapter, Version=10.0.0.0, Culture=neutral, PublicKeyToken=b03f5f7f11d50a3a" className="UnitTests.UnitTests, UnitTests, Version=1.0.0.0, Culture=neutral, PublicKeyToken=null" name="TestCheck1" />
    </UnitTest>
  </TestDefinitions>
  <TestLists>
    <TestList name="Results Not in a List" id="8c84fa94-04c1-424b-9868-57a2d4851a1d" />
    <TestList name="All Loaded Results" id="19431567-8539-422a-85d7-44ee4e166bda" />
  </TestLists>
  <TestEntries>
    <TestEntry testId="c7099b90-4b83-6407-b217-b0d757c027eb" executionId="2f1badda-7bb6-4627-a9fe-64890e9485f7" testListId="8c84fa94-04c1-424b-9868-57a2d4851a1d" />
  </TestEntries>
  <Results>
    <UnitTestResult executionId="2f1badda-7bb6-4627-a9fe-64890e9485f7" testId="c7099b90-4b83-6407-b217-b0d757c027eb" testName="TestCheck1" computerName="PAVVIN-PC" duration="00:00:00.0227955" startTime="2014-09-26T19:42:38.4902044+06:00" endTime="2014-09-26T19:42:39.0552762+06:00" testType="13cdc9d9-ddb5-4fa4-a97d-d965ccfc6d4b" outcome="Passed" testListId="8c84fa94-04c1-424b-9868-57a2d4851a1d" relativeResultsDirectory="2f1badda-7bb6-4627-a9fe-64890e9485f7">
    </UnitTestResult>
  </Results>
</TestRun>